# JRE version: Java(TM) SE Runtime Environment (8.0_271-b09) (build 1.8.0_271-b09)
# Java VM: Java HotSpot(TM) 64-Bit Server VM (25.271-b09 mixed mode windows-amd64 compressed oops)
Heap:
 garbage-first heap   total 263168K, used 211968K [0x00000000c0000000, 0x00000000c0100808, 0x0000000100000000)
  region size 1024K, 71 young (72704K), 3 survivors (3072K)
 Metaspace       used 112133K, capacity 121784K, committed 121980K, reserved 1155072K
  class space    used 13690K, capacity 16645K, committed 16768K, reserved 1048576K
GC Heap History (10 events):
Event: 3294.224 GC heap before
{Heap before GC invocations=63 (full 0):
 garbage-first heap   total 263168K, used 226000K [0x00000000c0000000, 0x00000000c0100808, 0x0000000100000000)
  region size 1024K, 93 young (95232K), 2 survivors (2048K)
 Metaspace       used 106833K, capacity 115838K, committed 116092K, reserved 1148928K
  class space    used 13030K, capacity 15693K, committed 15744K, reserved 1048576K
Event: 3294.260 GC heap after
Heap after GC invocations=64 (full 0):
 garbage-first heap   total 263168K, used 139472K [0x00000000c0000000, 0x00000000c0100808, 0x0000000100000000)
  region size 1024K, 9 young (9216K), 9 survivors (9216K)
 Metaspace       used 106833K, capacity 115838K, committed 116092K, reserved 1148928K
  class space    used 13030K, capacity 15693K, committed 15744K, reserved 1048576K
}
Event: 5117.675 GC heap before
{Heap before GC invocations=64 (full 0):
 garbage-first heap   total 263168K, used 225488K [0x00000000c0000000, 0x00000000c0100808, 0x0000000100000000)
  region size 1024K, 93 young (95232K), 9 survivors (9216K)
 Metaspace       used 106861K, capacity 115844K, committed 116092K, reserved 1148928K
  class space    used 13031K, capacity 15694K, committed 15744K, reserved 1048576K
Event: 5117.720 GC heap after
Heap after GC invocations=65 (full 0):
 garbage-first heap   total 263168K, used 141824K [0x00000000c0000000, 0x00000000c0100808, 0x0000000100000000)
  region size 1024K, 9 young (9216K), 9 survivors (9216K)
 Metaspace       used 106861K, capacity 115844K, committed 116092K, reserved 1148928K
  class space    used 13031K, capacity 15694K, committed 15744K, reserved 1048576K
}
Event: 5529.964 GC heap before
{Heap before GC invocations=66 (full 0):
 garbage-first heap   total 263168K, used 225792K [0x00000000c0000000, 0x00000000c0100808, 0x0000000100000000)
  region size 1024K, 91 young (93184K), 9 survivors (9216K)
 Metaspace       used 109755K, capacity 119172K, committed 119548K, reserved 1153024K
  class space    used 13385K, capacity 16310K, committed 16384K, reserved 1048576K
Event: 5530.041 GC heap after
Heap after GC invocations=67 (full 0):
 garbage-first heap   total 263168K, used 150462K [0x00000000c0000000, 0x00000000c0100808, 0x0000000100000000)
  region size 1024K, 9 young (9216K), 9 survivors (9216K)
 Metaspace       used 109755K, capacity 119172K, committed 119548K, reserved 1153024K
  class space    used 13385K, capacity 16310K, committed 16384K, reserved 1048576K
}
Event: 5532.818 GC heap before
{Heap before GC invocations=67 (full 0):
 garbage-first heap   total 263168K, used 153534K [0x00000000c0000000, 0x00000000c0100808, 0x0000000100000000)
  region size 1024K, 12 young (12288K), 9 survivors (9216K)
 Metaspace       used 109768K, capacity 119172K, committed 119548K, reserved 1153024K
  class space    used 13386K, capacity 16310K, committed 16384K, reserved 1048576K
Event: 5532.924 GC heap after
Heap after GC invocations=68 (full 0):
 garbage-first heap   total 263168K, used 142336K [0x00000000c0000000, 0x00000000c0100808, 0x0000000100000000)
  region size 1024K, 2 young (2048K), 2 survivors (2048K)
 Metaspace       used 109768K, capacity 119172K, committed 119548K, reserved 1153024K
  class space    used 13386K, capacity 16310K, committed 16384K, reserved 1048576K
}
Event: 5589.438 GC heap before
{Heap before GC invocations=68 (full 0):
 garbage-first heap   total 263168K, used 228352K [0x00000000c0000000, 0x00000000c0100808, 0x0000000100000000)
  region size 1024K, 86 young (88064K), 2 survivors (2048K)
 Metaspace       used 110204K, capacity 119690K, committed 120060K, reserved 1153024K
  class space    used 13408K, capacity 16311K, committed 16384K, reserved 1048576K
Event: 5589.503 GC heap after
Heap after GC invocations=69 (full 0):
 garbage-first heap   total 263168K, used 143360K [0x00000000c0000000, 0x00000000c0100808, 0x0000000100000000)
  region size 1024K, 3 young (3072K), 3 survivors (3072K)
 Metaspace       used 110204K, capacity 119690K, committed 120060K, reserved 1153024K
  class space    used 13408K, capacity 16311K, committed 16384K, reserved 1048576K
}

