# JRE version: Java(TM) SE Runtime Environment (8.0_271-b09) (build 1.8.0_271-b09)
# Java VM: Java HotSpot(TM) 64-Bit Server VM (25.271-b09 mixed mode windows-amd64 compressed oops)
Heap:
 garbage-first heap   total 271360K, used 183268K [0x00000000c0000000, 0x00000000c0100848, 0x0000000100000000)
  region size 1024K, 84 young (86016K), 4 survivors (4096K)
 Metaspace       used 113282K, capacity 123514K, committed 123644K, reserved 1157120K
  class space    used 13859K, capacity 16923K, committed 16944K, reserved 1048576K
GC Heap History (10 events):
Event: 2822.778 GC heap before
{Heap before GC invocations=79 (full 0):
 garbage-first heap   total 271360K, used 110538K [0x00000000c0000000, 0x00000000c0100848, 0x0000000100000000)
  region size 1024K, 13 young (13312K), 2 survivors (2048K)
 Metaspace       used 111561K, capacity 121704K, committed 121852K, reserved 1155072K
  class space    used 13820K, capacity 16880K, committed 16944K, reserved 1048576K
Event: 2822.817 GC heap after
Heap after GC invocations=80 (full 0):
 garbage-first heap   total 271360K, used 99469K [0x00000000c0000000, 0x00000000c0100848, 0x0000000100000000)
  region size 1024K, 2 young (2048K), 2 survivors (2048K)
 Metaspace       used 111561K, capacity 121704K, committed 121852K, reserved 1155072K
  class space    used 13820K, capacity 16880K, committed 16944K, reserved 1048576K
}
Event: 3017.334 GC heap before
{Heap before GC invocations=80 (full 0):
 garbage-first heap   total 271360K, used 129165K [0x00000000c0000000, 0x00000000c0100848, 0x0000000100000000)
  region size 1024K, 31 young (31744K), 2 survivors (2048K)
 Metaspace       used 111754K, capacity 121768K, committed 122108K, reserved 1155072K
  class space    used 13820K, capacity 16880K, committed 16944K, reserved 1048576K
Event: 3017.347 GC heap after
Heap after GC invocations=81 (full 0):
 garbage-first heap   total 271360K, used 101339K [0x00000000c0000000, 0x00000000c0100848, 0x0000000100000000)
  region size 1024K, 3 young (3072K), 3 survivors (3072K)
 Metaspace       used 111754K, capacity 121768K, committed 122108K, reserved 1155072K
  class space    used 13820K, capacity 16880K, committed 16944K, reserved 1048576K
}
Event: 4522.224 GC heap before
{Heap before GC invocations=81 (full 0):
 garbage-first heap   total 271360K, used 150491K [0x00000000c0000000, 0x00000000c0100848, 0x0000000100000000)
  region size 1024K, 51 young (52224K), 3 survivors (3072K)
 Metaspace       used 111930K, capacity 122024K, committed 122364K, reserved 1155072K
  class space    used 13820K, capacity 16880K, committed 16944K, reserved 1048576K
Event: 4522.280 GC heap after
Heap after GC invocations=82 (full 0):
 garbage-first heap   total 271360K, used 102884K [0x00000000c0000000, 0x00000000c0100848, 0x0000000100000000)
  region size 1024K, 5 young (5120K), 5 survivors (5120K)
 Metaspace       used 111930K, capacity 122024K, committed 122364K, reserved 1155072K
  class space    used 13820K, capacity 16880K, committed 16944K, reserved 1048576K
}
Event: 4658.153 GC heap before
{Heap before GC invocations=82 (full 0):
 garbage-first heap   total 271360K, used 178660K [0x00000000c0000000, 0x00000000c0100848, 0x0000000100000000)
  region size 1024K, 79 young (80896K), 5 survivors (5120K)
 Metaspace       used 112514K, capacity 122612K, committed 122876K, reserved 1155072K
  class space    used 13828K, capacity 16882K, committed 16944K, reserved 1048576K
Event: 4658.337 GC heap after
Heap after GC invocations=83 (full 0):
 garbage-first heap   total 271360K, used 102884K [0x00000000c0000000, 0x00000000c0100848, 0x0000000100000000)
  region size 1024K, 5 young (5120K), 5 survivors (5120K)
 Metaspace       used 112514K, capacity 122612K, committed 122876K, reserved 1155072K
  class space    used 13828K, capacity 16882K, committed 16944K, reserved 1048576K
}
Event: 4718.781 GC heap before
{Heap before GC invocations=83 (full 0):
 garbage-first heap   total 271360K, used 172516K [0x00000000c0000000, 0x00000000c0100848, 0x0000000100000000)
  region size 1024K, 73 young (74752K), 5 survivors (5120K)
 Metaspace       used 112812K, capacity 122880K, committed 123132K, reserved 1155072K
  class space    used 13837K, capacity 16884K, committed 16944K, reserved 1048576K
Event: 4718.822 GC heap after
Heap after GC invocations=84 (full 0):
 garbage-first heap   total 271360K, used 102372K [0x00000000c0000000, 0x00000000c0100848, 0x0000000100000000)
  region size 1024K, 4 young (4096K), 4 survivors (4096K)
 Metaspace       used 112812K, capacity 122880K, committed 123132K, reserved 1155072K
  class space    used 13837K, capacity 16884K, committed 16944K, reserved 1048576K
}

