# JRE version: Java(TM) SE Runtime Environment (8.0_271-b09) (build 1.8.0_271-b09)
# Java VM: Java HotSpot(TM) 64-Bit Server VM (25.271-b09 mixed mode windows-amd64 compressed oops)
Heap:
 garbage-first heap   total 419840K, used 141545K [0x00000000c0000000, 0x00000000c0100cd0, 0x0000000100000000)
  region size 1024K, 2 young (2048K), 2 survivors (2048K)
 Metaspace       used 106334K, capacity 114858K, committed 115196K, reserved 1148928K
  class space    used 12985K, capacity 15562K, committed 15664K, reserved 1048576K
GC Heap History (10 events):
Event: 2576.505 GC heap after
Heap after GC invocations=68 (full 0):
 garbage-first heap   total 262144K, used 133899K [0x00000000c0000000, 0x00000000c0100800, 0x0000000100000000)
  region size 1024K, 2 young (2048K), 2 survivors (2048K)
 Metaspace       used 106333K, capacity 114858K, committed 115196K, reserved 1148928K
  class space    used 12985K, capacity 15562K, committed 15664K, reserved 1048576K
}
Event: 2576.824 GC heap before
{Heap before GC invocations=68 (full 0):
 garbage-first heap   total 262144K, used 144139K [0x00000000c0000000, 0x00000000c0100800, 0x0000000100000000)
  region size 1024K, 12 young (12288K), 2 survivors (2048K)
 Metaspace       used 106334K, capacity 114858K, committed 115196K, reserved 1148928K
  class space    used 12985K, capacity 15562K, committed 15664K, reserved 1048576K
Event: 2577.151 GC heap after
Heap after GC invocations=69 (full 0):
 garbage-first heap   total 262144K, used 135966K [0x00000000c0000000, 0x00000000c0100800, 0x0000000100000000)
  region size 1024K, 2 young (2048K), 2 survivors (2048K)
 Metaspace       used 106334K, capacity 114858K, committed 115196K, reserved 1148928K
  class space    used 12985K, capacity 15562K, committed 15664K, reserved 1048576K
}
Event: 2577.304 GC heap before
{Heap before GC invocations=69 (full 0):
 garbage-first heap   total 262144K, used 146206K [0x00000000c0000000, 0x00000000c0100800, 0x0000000100000000)
  region size 1024K, 12 young (12288K), 2 survivors (2048K)
 Metaspace       used 106334K, capacity 114858K, committed 115196K, reserved 1148928K
  class space    used 12985K, capacity 15562K, committed 15664K, reserved 1048576K
Event: 2577.407 GC heap after
Heap after GC invocations=70 (full 0):
 garbage-first heap   total 262144K, used 137030K [0x00000000c0000000, 0x00000000c0100800, 0x0000000100000000)
  region size 1024K, 2 young (2048K), 2 survivors (2048K)
 Metaspace       used 106334K, capacity 114858K, committed 115196K, reserved 1148928K
  class space    used 12985K, capacity 15562K, committed 15664K, reserved 1048576K
}
Event: 2577.538 GC heap before
{Heap before GC invocations=70 (full 0):
 garbage-first heap   total 262144K, used 147270K [0x00000000c0000000, 0x00000000c0100800, 0x0000000100000000)
  region size 1024K, 12 young (12288K), 2 survivors (2048K)
 Metaspace       used 106334K, capacity 114858K, committed 115196K, reserved 1148928K
  class space    used 12985K, capacity 15562K, committed 15664K, reserved 1048576K
Event: 2577.757 GC heap after
Heap after GC invocations=71 (full 0):
 garbage-first heap   total 262144K, used 138666K [0x00000000c0000000, 0x00000000c0100800, 0x0000000100000000)
  region size 1024K, 2 young (2048K), 2 survivors (2048K)
 Metaspace       used 106334K, capacity 114858K, committed 115196K, reserved 1148928K
  class space    used 12985K, capacity 15562K, committed 15664K, reserved 1048576K
}
Event: 2577.902 GC heap before
{Heap before GC invocations=71 (full 0):
 garbage-first heap   total 262144K, used 148906K [0x00000000c0000000, 0x00000000c0100800, 0x0000000100000000)
  region size 1024K, 12 young (12288K), 2 survivors (2048K)
 Metaspace       used 106334K, capacity 114858K, committed 115196K, reserved 1148928K
  class space    used 12985K, capacity 15562K, committed 15664K, reserved 1048576K
Event: 2578.226 GC heap after
Heap after GC invocations=72 (full 0):
 garbage-first heap   total 262144K, used 140547K [0x00000000c0000000, 0x00000000c0100800, 0x0000000100000000)
  region size 1024K, 2 young (2048K), 2 survivors (2048K)
 Metaspace       used 106334K, capacity 114858K, committed 115196K, reserved 1148928K
  class space    used 12985K, capacity 15562K, committed 15664K, reserved 1048576K
}
Event: 2578.418 GC heap before
{Heap before GC invocations=72 (full 0):
 garbage-first heap   total 262144K, used 150787K [0x00000000c0000000, 0x00000000c0100800, 0x0000000100000000)
  region size 1024K, 12 young (12288K), 2 survivors (2048K)
 Metaspace       used 106334K, capacity 114858K, committed 115196K, reserved 1148928K
  class space    used 12985K, capacity 15562K, committed 15664K, reserved 1048576K

