# JRE version: Java(TM) SE Runtime Environment (8.0_271-b09) (build 1.8.0_271-b09)
# Java VM: Java HotSpot(TM) 64-Bit Server VM (25.271-b09 mixed mode windows-amd64 compressed oops)
Heap:
 garbage-first heap   total 262144K, used 115712K [0x00000000c0000000, 0x00000000c0100800, 0x0000000100000000)
  region size 1024K, 51 young (52224K), 15 survivors (15360K)
 Metaspace       used 111492K, capacity 121254K, committed 121472K, reserved 1155072K
  class space    used 13585K, capacity 16473K, committed 16512K, reserved 1048576K
GC Heap History (10 events):
Event: 229165.156 GC heap before
{Heap before GC invocations=63 (full 0):
 garbage-first heap   total 262144K, used 80896K [0x00000000c0000000, 0x00000000c0100800, 0x0000000100000000)
  region size 1024K, 12 young (12288K), 2 survivors (2048K)
 Metaspace       used 98461K, capacity 106780K, committed 107136K, reserved 1142784K
  class space    used 11998K, capacity 14395K, committed 14464K, reserved 1048576K
Event: 229165.200 GC heap after
Heap after GC invocations=64 (full 0):
 garbage-first heap   total 262144K, used 67072K [0x00000000c0000000, 0x00000000c0100800, 0x0000000100000000)
  region size 1024K, 2 young (2048K), 2 survivors (2048K)
 Metaspace       used 98461K, capacity 106780K, committed 107136K, reserved 1142784K
  class space    used 11998K, capacity 14395K, committed 14464K, reserved 1048576K
}
Event: 232333.146 GC heap before
{Heap before GC invocations=64 (full 0):
 garbage-first heap   total 262144K, used 221696K [0x00000000c0000000, 0x00000000c0100800, 0x0000000100000000)
  region size 1024K, 153 young (156672K), 2 survivors (2048K)
 Metaspace       used 99302K, capacity 107766K, committed 108032K, reserved 1142784K
  class space    used 12054K, capacity 14470K, committed 14592K, reserved 1048576K
Event: 232333.174 GC heap after
Heap after GC invocations=65 (full 0):
 garbage-first heap   total 262144K, used 70417K [0x00000000c0000000, 0x00000000c0100800, 0x0000000100000000)
  region size 1024K, 6 young (6144K), 6 survivors (6144K)
 Metaspace       used 99302K, capacity 107766K, committed 108032K, reserved 1142784K
  class space    used 12054K, capacity 14470K, committed 14592K, reserved 1048576K
}
Event: 235809.643 GC heap before
{Heap before GC invocations=65 (full 0):
 garbage-first heap   total 262144K, used 220945K [0x00000000c0000000, 0x00000000c0100800, 0x0000000100000000)
  region size 1024K, 153 young (156672K), 6 survivors (6144K)
 Metaspace       used 100302K, capacity 108878K, committed 109184K, reserved 1144832K
  class space    used 12146K, capacity 14602K, committed 14720K, reserved 1048576K
Event: 235809.689 GC heap after
Heap after GC invocations=66 (full 0):
 garbage-first heap   total 262144K, used 71168K [0x00000000c0000000, 0x00000000c0100800, 0x0000000100000000)
  region size 1024K, 6 young (6144K), 6 survivors (6144K)
 Metaspace       used 100302K, capacity 108878K, committed 109184K, reserved 1144832K
  class space    used 12146K, capacity 14602K, committed 14720K, reserved 1048576K
}
Event: 237334.921 GC heap before
{Heap before GC invocations=66 (full 0):
 garbage-first heap   total 262144K, used 221696K [0x00000000c0000000, 0x00000000c0100800, 0x0000000100000000)
  region size 1024K, 153 young (156672K), 6 survivors (6144K)
 Metaspace       used 107717K, capacity 117430K, committed 117632K, reserved 1150976K
  class space    used 13132K, capacity 15960K, committed 16000K, reserved 1048576K
Event: 237334.961 GC heap after
Heap after GC invocations=67 (full 0):
 garbage-first heap   total 262144K, used 82944K [0x00000000c0000000, 0x00000000c0100800, 0x0000000100000000)
  region size 1024K, 18 young (18432K), 18 survivors (18432K)
 Metaspace       used 107717K, capacity 117430K, committed 117632K, reserved 1150976K
  class space    used 13132K, capacity 15960K, committed 16000K, reserved 1048576K
}
Event: 237552.059 GC heap before
{Heap before GC invocations=67 (full 0):
 garbage-first heap   total 262144K, used 216064K [0x00000000c0000000, 0x00000000c0100800, 0x0000000100000000)
  region size 1024K, 148 young (151552K), 18 survivors (18432K)
 Metaspace       used 110460K, capacity 120276K, committed 120576K, reserved 1153024K
  class space    used 13430K, capacity 16275K, committed 16384K, reserved 1048576K
Event: 237552.113 GC heap after
Heap after GC invocations=68 (full 0):
 garbage-first heap   total 262144K, used 79872K [0x00000000c0000000, 0x00000000c0100800, 0x0000000100000000)
  region size 1024K, 15 young (15360K), 15 survivors (15360K)
 Metaspace       used 110460K, capacity 120276K, committed 120576K, reserved 1153024K
  class space    used 13430K, capacity 16275K, committed 16384K, reserved 1048576K
}

